/usr/bin/make -j1 O=/home/toumim/workspace/build_system/buildroot/output HOSTCC="/usr/bin/gcc" HOSTCXX="/usr/bin/g++" syncconfig
make[1]: Entering directory '/home/toumim/workspace/build_system/buildroot'
Config.in:617:warning: choice value used outside its choice group
linux/Config.in:107:warning: choice value used outside its choice group
Config.in.legacy:3126:warning: choice value used outside its choice group
make[1]: Leaving directory '/home/toumim/workspace/build_system/buildroot'
[7m>>>   Finalizing host directory[27m
[7m>>>   Finalizing target directory[27m
mkdir -p /home/toumim/workspace/build_system/buildroot/output/host/etc/meson
sed -e 's%@TARGET_CROSS@%/home/toumim/workspace/build_system/buildroot/output/host/bin/arm-none-linux-gnueabihf-%g' -e 's%@TARGET_ARCH@%arm%g' -e 's%@TARGET_CPU@%cortex-a8%g' -e 's%@TARGET_ENDIAN@%little%g' -e "s%@TARGET_CFLAGS@%'-D_LARGEFILE_SOURCE', '-D_LARGEFILE64_SOURCE', '-D_FILE_OFFSET_BITS=64'@PKG_TARGET_CFLAGS@%g" -e "s%@TARGET_LDFLAGS@%@PKG_TARGET_CFLAGS@%g" -e "s%@TARGET_CXXFLAGS@%'-D_LARGEFILE_SOURCE', '-D_LARGEFILE64_SOURCE', '-D_FILE_OFFSET_BITS=64'@PKG_TARGET_CFLAGS@%g" -e 's%@HOST_DIR@%/home/toumim/workspace/build_system/buildroot/output/host%g' -e 's%@STAGING_DIR@%/home/toumim/workspace/build_system/buildroot/output/host/arm-buildroot-linux-gnueabihf/sysroot%g' -e 's%@STATIC@%false%g' package/meson//cross-compilation.conf.in > /home/toumim/workspace/build_system/buildroot/output/host/etc/meson/cross-compilation.conf.in
sed -e 's%@PKG_TARGET_CFLAGS@%%g' -e 's%@PKG_TARGET_LDFLAGS@%%g' -e 's%@PKG_TARGET_CXXFLAGS@%%g' /home/toumim/workspace/build_system/buildroot/output/host/etc/meson/cross-compilation.conf.in > /home/toumim/workspace/build_system/buildroot/output/host/etc/meson/cross-compilation.conf
/usr/bin/sed -i -e '/# GENERIC_SERIAL$/s~^.*#~console::respawn:/sbin/getty -L  console 0 vt100 #~' /home/toumim/workspace/build_system/buildroot/output/target/etc/inittab
/usr/bin/sed -i -e '/^#.*-o remount,rw \/$/s~^#\+~~' /home/toumim/workspace/build_system/buildroot/output/target/etc/inittab
if grep -q CONFIG_ASH=y /home/toumim/workspace/build_system/buildroot/output/build/busybox-1.33.0/.config; then grep -qsE '^/bin/ash$' /home/toumim/workspace/build_system/buildroot/output/target/etc/shells || echo "/bin/ash" >> /home/toumim/workspace/build_system/buildroot/output/target/etc/shells; fi
if grep -q CONFIG_HUSH=y /home/toumim/workspace/build_system/buildroot/output/build/busybox-1.33.0/.config; then grep -qsE '^/bin/hush$' /home/toumim/workspace/build_system/buildroot/output/target/etc/shells || echo "/bin/hush" >> /home/toumim/workspace/build_system/buildroot/output/target/etc/shells; fi
mkdir -p /home/toumim/workspace/build_system/buildroot/output/target/etc
echo "buildroot" > /home/toumim/workspace/build_system/buildroot/output/target/etc/hostname
/usr/bin/sed -i -e '$a \127.0.1.1\tbuildroot' -e '/^127.0.1.1/d' /home/toumim/workspace/build_system/buildroot/output/target/etc/hosts
mkdir -p /home/toumim/workspace/build_system/buildroot/output/target/etc
echo "Welcome to metagross V2" > /home/toumim/workspace/build_system/buildroot/output/target/etc/issue
/usr/bin/sed -i -e s,^root:[^:]*:,root:"`/home/toumim/workspace/build_system/buildroot/output/host/bin/mkpasswd -m "sha-256" "toor"`":, /home/toumim/workspace/build_system/buildroot/output/target/etc/shadow
grep -qsE '^/bin/sh$' /home/toumim/workspace/build_system/buildroot/output/target/etc/shells || echo "/bin/sh" >> /home/toumim/workspace/build_system/buildroot/output/target/etc/shells
if [ -x /home/toumim/workspace/build_system/buildroot/output/target/sbin/swapon -a -x /home/toumim/workspace/build_system/buildroot/output/target/sbin/swapoff ]; then /usr/bin/sed -i -e '/^#.*\/sbin\/swap/s/^#\+[[:blank:]]*//' /home/toumim/workspace/build_system/buildroot/output/target/etc/inittab; else /usr/bin/sed -i -e '/^[^#].*\/sbin\/swap/s/^/#/' /home/toumim/workspace/build_system/buildroot/output/target/etc/inittab; fi
if test -d /home/toumim/workspace/build_system/buildroot/output/target/lib/modules/`MAKEFLAGS='' /usr/bin/make -j5 HOSTCC="/usr/bin/gcc -O2 -I/home/toumim/workspace/build_system/buildroot/output/host/include -L/home/toumim/workspace/build_system/buildroot/output/host/lib -Wl,-rpath,/home/toumim/workspace/build_system/buildroot/output/host/lib" ARCH=arm INSTALL_MOD_PATH=/home/toumim/workspace/build_system/buildroot/output/target CROSS_COMPILE="/home/toumim/workspace/build_system/buildroot/output/host/bin/arm-none-linux-gnueabihf-" DEPMOD=/home/toumim/workspace/build_system/buildroot/output/host/sbin/depmod INSTALL_MOD_STRIP=1 -C /home/toumim/workspace/build_system/buildroot/output/build/linux --no-print-directory -s kernelrelease 2>/dev/null` && grep -q "CONFIG_MODULES=y" /home/toumim/workspace/build_system/buildroot/output/build/linux/.config; then /home/toumim/workspace/build_system/buildroot/output/host/sbin/depmod -a -b /home/toumim/workspace/build_system/buildroot/output/target `MAKEFLAGS='' /usr/bin/make -j5 HOSTCC="/usr/bin/gcc -O2 -I/home/toumim/workspace/build_system/buildroot/output/host/include -L/home/toumim/workspace/build_system/buildroot/output/host/lib -Wl,-rpath,/home/toumim/workspace/build_system/buildroot/output/host/lib" ARCH=arm INSTALL_MOD_PATH=/home/toumim/workspace/build_system/buildroot/output/target CROSS_COMPILE="/home/toumim/workspace/build_system/buildroot/output/host/bin/arm-none-linux-gnueabihf-" DEPMOD=/home/toumim/workspace/build_system/buildroot/output/host/sbin/depmod INSTALL_MOD_STRIP=1 -C /home/toumim/workspace/build_system/buildroot/output/build/linux --no-print-directory -s kernelrelease 2>/dev/null`; fi
printf '%s\n' C en_US locale-archive > /home/toumim/workspace/build_system/buildroot/output/build/locales.nopurge
for dir in /home/toumim/workspace/build_system/buildroot/output/target/usr/share/locale /home/toumim/workspace/build_system/buildroot/output/target/usr/share/X11/locale /home/toumim/workspace/build_system/buildroot/output/target/usr/lib/locale; do if [ ! -d $dir ]; then continue; fi; for langdir in $dir/*; do if [ -e "${langdir}" ]; then grep -qx "${langdir##*/}" /home/toumim/workspace/build_system/buildroot/output/build/locales.nopurge || rm -rf $langdir; fi done; done
if [ -d /home/toumim/workspace/build_system/buildroot/output/target/usr/share/X11/locale ]; then for lang in C en_US; do if [ -f /home/toumim/workspace/build_system/buildroot/output/target/usr/share/X11/locale/$lang/XLC_LOCALE ]; then echo "$lang/XLC_LOCALE: $lang"; fi done > /home/toumim/workspace/build_system/buildroot/output/target/usr/share/X11/locale/locale.dir; fi
rm -rf /home/toumim/workspace/build_system/buildroot/output/target/usr/include /home/toumim/workspace/build_system/buildroot/output/target/usr/share/aclocal \
	/home/toumim/workspace/build_system/buildroot/output/target/usr/lib/pkgconfig /home/toumim/workspace/build_system/buildroot/output/target/usr/share/pkgconfig \
	/home/toumim/workspace/build_system/buildroot/output/target/usr/lib/cmake /home/toumim/workspace/build_system/buildroot/output/target/usr/share/cmake \
	/home/toumim/workspace/build_system/buildroot/output/target/usr/doc
find /home/toumim/workspace/build_system/buildroot/output/target/usr/{lib,share}/ -name '*.cmake' -print0 | xargs -0 rm -f
find /home/toumim/workspace/build_system/buildroot/output/target/lib/ /home/toumim/workspace/build_system/buildroot/output/target/usr/lib/ /home/toumim/workspace/build_system/buildroot/output/target/usr/libexec/ \
	\( -name '*.a' -o -name '*.la' -o -name '*.prl' \) -print0 | xargs -0 rm -f
find: ‘/home/toumim/workspace/build_system/buildroot/output/target/usr/libexec/’: No such file or directory
rm -rf /home/toumim/workspace/build_system/buildroot/output/target/usr/share/gdb
rm -rf /home/toumim/workspace/build_system/buildroot/output/target/usr/share/bash-completion
rm -rf /home/toumim/workspace/build_system/buildroot/output/target/etc/bash_completion.d
rm -rf /home/toumim/workspace/build_system/buildroot/output/target/usr/share/zsh
rm -rf /home/toumim/workspace/build_system/buildroot/output/target/usr/man /home/toumim/workspace/build_system/buildroot/output/target/usr/share/man
rm -rf /home/toumim/workspace/build_system/buildroot/output/target/usr/info /home/toumim/workspace/build_system/buildroot/output/target/usr/share/info
rm -rf /home/toumim/workspace/build_system/buildroot/output/target/usr/doc /home/toumim/workspace/build_system/buildroot/output/target/usr/share/doc
rm -rf /home/toumim/workspace/build_system/buildroot/output/target/usr/share/gtk-doc
rmdir /home/toumim/workspace/build_system/buildroot/output/target/usr/share 2>/dev/null || true
rm -rf /home/toumim/workspace/build_system/buildroot/output/target/lib/debug /home/toumim/workspace/build_system/buildroot/output/target/usr/lib/debug
find /home/toumim/workspace/build_system/buildroot/output/target   -type f \( -perm /111 -o -name '*.so*' \) -not \( -name 'libpthread*.so*' -o -name 'ld-*.so*' -o -name '*.ko' \) -print0 | xargs -0 /home/toumim/workspace/build_system/buildroot/output/host/bin/arm-none-linux-gnueabihf-strip --remove-section=.comment --remove-section=.note 2>/dev/null || true
find /home/toumim/workspace/build_system/buildroot/output/target   \( -name 'ld-*.so*' -o -name 'libpthread*.so*' \) -print0 | xargs -0 -r /home/toumim/workspace/build_system/buildroot/output/host/bin/arm-none-linux-gnueabihf-strip --remove-section=.comment --remove-section=.note --strip-debug 2>/dev/null || true
test -f /home/toumim/workspace/build_system/buildroot/output/target/etc/ld.so.conf && \
	{ echo "ERROR: we shouldn't have a /etc/ld.so.conf file"; exit 1; } || true
test -d /home/toumim/workspace/build_system/buildroot/output/target/etc/ld.so.conf.d && \
	{ echo "ERROR: we shouldn't have a /etc/ld.so.conf.d directory"; exit 1; } || true
mkdir -p /home/toumim/workspace/build_system/buildroot/output/target/etc
( \
	echo "NAME=Buildroot"; \
	echo "VERSION=2021.02-dirty"; \
	echo "ID=buildroot"; \
	echo "VERSION_ID=2021.02"; \
	echo "PRETTY_NAME=\"Buildroot 2021.02\"" \
) >  /home/toumim/workspace/build_system/buildroot/output/target/usr/lib/os-release
ln -sf ../usr/lib/os-release /home/toumim/workspace/build_system/buildroot/output/target/etc
[7m>>>   Sanitizing RPATH in target tree[27m
PER_PACKAGE_DIR=/home/toumim/workspace/build_system/buildroot/output/per-package /home/toumim/workspace/build_system/buildroot/support/scripts/fix-rpath target
[7m>>>   Copying overlay board/metagross/rootfs-overlay[27m
touch /home/toumim/workspace/build_system/buildroot/output/target/usr
[7m>>>   Generating root filesystems common tables[27m
rm -rf /home/toumim/workspace/build_system/buildroot/output/build/buildroot-fs
mkdir -p /home/toumim/workspace/build_system/buildroot/output/build/buildroot-fs
printf '   \n' >> /home/toumim/workspace/build_system/buildroot/output/build/buildroot-fs/full_users_table.txt
printf '   	/bin/busybox                     f 4755 0  0 - - - - -\n\n' > /home/toumim/workspace/build_system/buildroot/output/build/buildroot-fs/full_devices_table.txt
cat system/device_table.txt >> /home/toumim/workspace/build_system/buildroot/output/build/buildroot-fs/full_devices_table.txt
[7m>>>   Generating filesystem image rootfs.tar[27m
mkdir -p /home/toumim/workspace/build_system/buildroot/output/images
rm -rf /home/toumim/workspace/build_system/buildroot/output/build/buildroot-fs/tar
mkdir -p /home/toumim/workspace/build_system/buildroot/output/build/buildroot-fs/tar
rsync -auH --exclude=/THIS_IS_NOT_YOUR_ROOT_FILESYSTEM /home/toumim/workspace/build_system/buildroot/output/target/ /home/toumim/workspace/build_system/buildroot/output/build/buildroot-fs/tar/target
echo '#!/bin/sh' > /home/toumim/workspace/build_system/buildroot/output/build/buildroot-fs/tar/fakeroot
echo "set -e" >> /home/toumim/workspace/build_system/buildroot/output/build/buildroot-fs/tar/fakeroot
echo "chown -h -R 0:0 /home/toumim/workspace/build_system/buildroot/output/build/buildroot-fs/tar/target" >> /home/toumim/workspace/build_system/buildroot/output/build/buildroot-fs/tar/fakeroot
PATH="/home/toumim/workspace/build_system/buildroot/output/host/bin:/home/toumim/workspace/build_system/buildroot/output/host/sbin:/home/toumim/.local/bin:/usr/local/bin:/usr/bin:/bin:/usr/local/games:/usr/games:/sbin:/user/sbin:/sbin:/user/sbin" /home/toumim/workspace/build_system/buildroot/support/scripts/mkusers /home/toumim/workspace/build_system/buildroot/output/build/buildroot-fs/full_users_table.txt /home/toumim/workspace/build_system/buildroot/output/build/buildroot-fs/tar/target >> /home/toumim/workspace/build_system/buildroot/output/build/buildroot-fs/tar/fakeroot
echo "/home/toumim/workspace/build_system/buildroot/output/host/bin/makedevs -d /home/toumim/workspace/build_system/buildroot/output/build/buildroot-fs/full_devices_table.txt /home/toumim/workspace/build_system/buildroot/output/build/buildroot-fs/tar/target" >> /home/toumim/workspace/build_system/buildroot/output/build/buildroot-fs/tar/fakeroot
printf '   \n' >> /home/toumim/workspace/build_system/buildroot/output/build/buildroot-fs/tar/fakeroot
printf '   \n' >> /home/toumim/workspace/build_system/buildroot/output/build/buildroot-fs/tar/fakeroot
printf '   	(cd /home/toumim/workspace/build_system/buildroot/output/build/buildroot-fs/tar/target; find -print0 | LC_ALL=C sort -z | tar  --pax-option=exthdr.name=%%d/PaxHeaders/%%f,atime:=0,ctime:=0 -cf /home/toumim/workspace/build_system/buildroot/output/images/rootfs.tar --null --xattrs-include='\''*'\'' --no-recursion -T - --numeric-owner)\n' >> /home/toumim/workspace/build_system/buildroot/output/build/buildroot-fs/tar/fakeroot
chmod a+x /home/toumim/workspace/build_system/buildroot/output/build/buildroot-fs/tar/fakeroot
PATH="/home/toumim/workspace/build_system/buildroot/output/host/bin:/home/toumim/workspace/build_system/buildroot/output/host/sbin:/home/toumim/.local/bin:/usr/local/bin:/usr/bin:/bin:/usr/local/games:/usr/games:/sbin:/user/sbin:/sbin:/user/sbin" FAKEROOTDONTTRYCHOWN=1 /home/toumim/workspace/build_system/buildroot/output/host/bin/fakeroot -- /home/toumim/workspace/build_system/buildroot/output/build/buildroot-fs/tar/fakeroot
rootdir=/home/toumim/workspace/build_system/buildroot/output/build/buildroot-fs/tar/target
table='/home/toumim/workspace/build_system/buildroot/output/build/buildroot-fs/full_devices_table.txt'
